0 info it worked if it ends with ok
1 verbose cli [ 'node',
1 verbose cli   '/usr/local/bin/npm',
1 verbose cli   'install',
1 verbose cli   '--save',
1 verbose cli   'body-parser' ]
2 info using npm@1.4.23
3 info using node@v0.10.31
4 warn package.json hub-server@1.0.0 No description
5 warn package.json hub-server@1.0.0 No README data
6 verbose readDependencies using package.json deps
7 verbose cache add [ 'body-parser', null ]
8 verbose cache add name=undefined spec="body-parser" args=["body-parser",null]
9 verbose parsed url { protocol: null,
9 verbose parsed url   slashes: null,
9 verbose parsed url   auth: null,
9 verbose parsed url   host: null,
9 verbose parsed url   port: null,
9 verbose parsed url   hostname: null,
9 verbose parsed url   hash: null,
9 verbose parsed url   search: null,
9 verbose parsed url   query: null,
9 verbose parsed url   pathname: 'body-parser',
9 verbose parsed url   path: 'body-parser',
9 verbose parsed url   href: 'body-parser' }
10 silly lockFile 14cf125c-body-parser body-parser
11 verbose lock body-parser /Users/mani/.npm/14cf125c-body-parser.lock
12 silly lockFile 14cf125c-body-parser body-parser
13 silly lockFile 14cf125c-body-parser body-parser
14 verbose addNamed [ 'body-parser', '' ]
15 verbose addNamed [ null, '*' ]
16 silly lockFile 9f665704-body-parser body-parser@
17 verbose lock body-parser@ /Users/mani/.npm/9f665704-body-parser.lock
18 silly addNameRange { name: 'body-parser', range: '*', hasData: false }
19 verbose request where is /body-parser
20 verbose request registry https://registry.npmjs.org/
21 verbose request id cc8fe3a6fd07d5c4
22 verbose url raw /body-parser
23 verbose url resolving [ 'https://registry.npmjs.org/', './body-parser' ]
24 verbose url resolved https://registry.npmjs.org/body-parser
25 verbose request where is https://registry.npmjs.org/body-parser
26 info trying registry request attempt 1 at 13:09:13
27 verbose etag "4IFONEC84EE4Q0TS75ZGBCWFC"
28 http GET https://registry.npmjs.org/body-parser
29 http 304 https://registry.npmjs.org/body-parser
30 silly registry.get cb [ 304,
30 silly registry.get   { date: 'Sat, 24 Jan 2015 13:09:11 GMT',
30 silly registry.get     server: 'Apache',
30 silly registry.get     via: '1.1 varnish',
30 silly registry.get     'last-modified': 'Sat, 24 Jan 2015 13:09:11 GMT',
30 silly registry.get     'cache-control': 'max-age=60',
30 silly registry.get     etag: '"4IFONEC84EE4Q0TS75ZGBCWFC"',
30 silly registry.get     age: '11',
30 silly registry.get     'x-served-by': 'cache-lhr6331-LHR',
30 silly registry.get     'x-cache': 'HIT',
30 silly registry.get     'x-cache-hits': '1',
30 silly registry.get     'x-timer': 'S1422104951.221973,VS0,VE1',
30 silly registry.get     vary: 'Accept',
30 silly registry.get     'content-length': '0',
30 silly registry.get     'keep-alive': 'timeout=10, max=50',
30 silly registry.get     connection: 'Keep-Alive' } ]
31 verbose etag https://registry.npmjs.org/body-parser from cache
32 silly addNameRange number 2 { name: 'body-parser', range: '*', hasData: true }
33 silly addNameRange versions [ 'body-parser',
33 silly addNameRange   [ '1.0.0',
33 silly addNameRange     '1.0.1',
33 silly addNameRange     '1.0.2',
33 silly addNameRange     '1.1.0',
33 silly addNameRange     '1.1.1',
33 silly addNameRange     '1.1.2',
33 silly addNameRange     '1.2.0',
33 silly addNameRange     '1.2.1',
33 silly addNameRange     '1.2.2',
33 silly addNameRange     '1.3.0',
33 silly addNameRange     '1.3.1',
33 silly addNameRange     '1.4.0',
33 silly addNameRange     '1.4.1',
33 silly addNameRange     '1.4.2',
33 silly addNameRange     '1.4.3',
33 silly addNameRange     '1.5.0',
33 silly addNameRange     '1.5.1',
33 silly addNameRange     '1.5.2',
33 silly addNameRange     '1.6.0',
33 silly addNameRange     '1.6.1',
33 silly addNameRange     '1.6.2',
33 silly addNameRange     '1.6.3',
33 silly addNameRange     '1.6.4',
33 silly addNameRange     '1.6.5',
33 silly addNameRange     '1.6.6',
33 silly addNameRange     '1.6.7',
33 silly addNameRange     '1.7.0',
33 silly addNameRange     '1.8.0',
33 silly addNameRange     '1.8.1',
33 silly addNameRange     '1.8.2',
33 silly addNameRange     '1.8.3',
33 silly addNameRange     '1.8.4',
33 silly addNameRange     '1.9.0',
33 silly addNameRange     '1.9.1',
33 silly addNameRange     '1.9.2',
33 silly addNameRange     '1.9.3',
33 silly addNameRange     '1.10.0',
33 silly addNameRange     '1.10.1',
33 silly addNameRange     '1.10.2' ] ]
34 verbose addNamed [ 'body-parser', '1.10.2' ]
35 verbose addNamed [ '1.10.2', '1.10.2' ]
36 silly lockFile 6255e82a-body-parser-1-10-2 body-parser@1.10.2
37 verbose lock body-parser@1.10.2 /Users/mani/.npm/6255e82a-body-parser-1-10-2.lock
38 silly lockFile 6255e82a-body-parser-1-10-2 body-parser@1.10.2
39 silly lockFile 6255e82a-body-parser-1-10-2 body-parser@1.10.2
40 silly lockFile 9f665704-body-parser body-parser@
41 silly lockFile 9f665704-body-parser body-parser@
42 silly resolved [ { name: 'body-parser',
42 silly resolved     description: 'Node.js body parsing middleware',
42 silly resolved     version: '1.10.2',
42 silly resolved     contributors: [ [Object], [Object] ],
42 silly resolved     license: 'MIT',
42 silly resolved     repository: { type: 'git', url: 'https://github.com/expressjs/body-parser' },
42 silly resolved     dependencies:
42 silly resolved      { bytes: '1.0.0',
42 silly resolved        depd: '~1.0.0',
42 silly resolved        'iconv-lite': '0.4.6',
42 silly resolved        'media-typer': '0.3.0',
42 silly resolved        'on-finished': '~2.2.0',
42 silly resolved        qs: '2.3.3',
42 silly resolved        'raw-body': '1.3.2',
42 silly resolved        'type-is': '~1.5.5' },
42 silly resolved     devDependencies:
42 silly resolved      { istanbul: '0.3.5',
42 silly resolved        methods: '~1.1.1',
42 silly resolved        mocha: '~2.1.0',
42 silly resolved        supertest: '~0.15.0' },
42 silly resolved     files: [ 'lib/', 'LICENSE', 'HISTORY.md', 'index.js' ],
42 silly resolved     engines: { node: '>= 0.8' },
42 silly resolved     scripts:
42 silly resolved      { test: 'mocha --require test/support/env --reporter spec --check-leaks --bail test/',
42 silly resolved        'test-cov': 'istanbul cover node_modules/mocha/bin/_mocha -- --require test/support/env --reporter dot --check-leaks test/',
42 silly resolved        'test-travis': 'istanbul cover node_modules/mocha/bin/_mocha --report lcovonly -- --require test/support/env --reporter spec --check-leaks test/' },
42 silly resolved     gitHead: '1fbb94d61e3435865db6092e7f6685436aecb858',
42 silly resolved     bugs: { url: 'https://github.com/expressjs/body-parser/issues' },
42 silly resolved     homepage: 'https://github.com/expressjs/body-parser',
42 silly resolved     _id: 'body-parser@1.10.2',
42 silly resolved     _shasum: '405d465fcd3ccf0ea8a35adbf1055f6e98316bd1',
42 silly resolved     _from: 'body-parser@',
42 silly resolved     _npmVersion: '1.4.28',
42 silly resolved     _npmUser: { name: 'dougwilson', email: 'doug@somethingdoug.com' },
42 silly resolved     maintainers: [ [Object], [Object], [Object], [Object], [Object], [Object] ],
42 silly resolved     dist:
42 silly resolved      { shasum: '405d465fcd3ccf0ea8a35adbf1055f6e98316bd1',
42 silly resolved        tarball: 'http://registry.npmjs.org/body-parser/-/body-parser-1.10.2.tgz' },
42 silly resolved     directories: {},
42 silly resolved     _resolved: 'https://registry.npmjs.org/body-parser/-/body-parser-1.10.2.tgz',
42 silly resolved     readme: 'ERROR: No README data found!' } ]
43 info install body-parser@1.10.2 into /Users/mani/Documents/projects/hackathons/seedhack/iot/hub-server
44 info installOne body-parser@1.10.2
45 verbose node_modules/body-parser unbuild
46 verbose tar unpack /Users/mani/.npm/body-parser/1.10.2/package.tgz
47 silly lockFile 40f184b9--server-node-modules-body-parser tar:///Users/mani/Documents/projects/hackathons/seedhack/iot/hub-server/node_modules/body-parser
48 verbose lock tar:///Users/mani/Documents/projects/hackathons/seedhack/iot/hub-server/node_modules/body-parser /Users/mani/.npm/40f184b9--server-node-modules-body-parser.lock
49 silly lockFile 9d2d473d-m-body-parser-1-10-2-package-tgz tar:///Users/mani/.npm/body-parser/1.10.2/package.tgz
50 verbose lock tar:///Users/mani/.npm/body-parser/1.10.2/package.tgz /Users/mani/.npm/9d2d473d-m-body-parser-1-10-2-package-tgz.lock
51 silly gunzTarPerm modes [ '755', '644' ]
52 silly gunzTarPerm extractEntry package.json
53 silly gunzTarPerm modified mode [ 'package.json', 438, 420 ]
54 silly gunzTarPerm extractEntry README.md
55 silly gunzTarPerm modified mode [ 'README.md', 438, 420 ]
56 silly gunzTarPerm extractEntry LICENSE
57 silly gunzTarPerm modified mode [ 'LICENSE', 438, 420 ]
58 silly gunzTarPerm extractEntry index.js
59 silly gunzTarPerm modified mode [ 'index.js', 438, 420 ]
60 silly gunzTarPerm extractEntry HISTORY.md
61 silly gunzTarPerm modified mode [ 'HISTORY.md', 438, 420 ]
62 silly gunzTarPerm extractEntry lib/read.js
63 silly gunzTarPerm modified mode [ 'lib/read.js', 438, 420 ]
64 silly gunzTarPerm extractEntry lib/types/json.js
65 silly gunzTarPerm modified mode [ 'lib/types/json.js', 438, 420 ]
66 silly gunzTarPerm extractEntry lib/types/raw.js
67 silly gunzTarPerm modified mode [ 'lib/types/raw.js', 438, 420 ]
68 silly gunzTarPerm extractEntry lib/types/text.js
69 silly gunzTarPerm modified mode [ 'lib/types/text.js', 438, 420 ]
70 silly gunzTarPerm extractEntry lib/types/urlencoded.js
71 silly gunzTarPerm modified mode [ 'lib/types/urlencoded.js', 438, 420 ]
72 silly lockFile 40f184b9--server-node-modules-body-parser tar:///Users/mani/Documents/projects/hackathons/seedhack/iot/hub-server/node_modules/body-parser
73 silly lockFile 40f184b9--server-node-modules-body-parser tar:///Users/mani/Documents/projects/hackathons/seedhack/iot/hub-server/node_modules/body-parser
74 silly lockFile 9d2d473d-m-body-parser-1-10-2-package-tgz tar:///Users/mani/.npm/body-parser/1.10.2/package.tgz
75 silly lockFile 9d2d473d-m-body-parser-1-10-2-package-tgz tar:///Users/mani/.npm/body-parser/1.10.2/package.tgz
76 info preinstall body-parser@1.10.2
77 verbose readDependencies using package.json deps
78 verbose readDependencies using package.json deps
79 verbose cache add [ 'bytes@1.0.0', null ]
80 verbose cache add name=undefined spec="bytes@1.0.0" args=["bytes@1.0.0",null]
81 verbose parsed url { protocol: null,
81 verbose parsed url   slashes: null,
81 verbose parsed url   auth: null,
81 verbose parsed url   host: null,
81 verbose parsed url   port: null,
81 verbose parsed url   hostname: null,
81 verbose parsed url   hash: null,
81 verbose parsed url   search: null,
81 verbose parsed url   query: null,
81 verbose parsed url   pathname: 'bytes@1.0.0',
81 verbose parsed url   path: 'bytes@1.0.0',
81 verbose parsed url   href: 'bytes@1.0.0' }
82 verbose cache add [ 'depd@~1.0.0', null ]
83 verbose cache add name=undefined spec="depd@~1.0.0" args=["depd@~1.0.0",null]
84 verbose parsed url { protocol: null,
84 verbose parsed url   slashes: null,
84 verbose parsed url   auth: null,
84 verbose parsed url   host: null,
84 verbose parsed url   port: null,
84 verbose parsed url   hostname: null,
84 verbose parsed url   hash: null,
84 verbose parsed url   search: null,
84 verbose parsed url   query: null,
84 verbose parsed url   pathname: 'depd@~1.0.0',
84 verbose parsed url   path: 'depd@~1.0.0',
84 verbose parsed url   href: 'depd@~1.0.0' }
85 verbose cache add name="bytes" spec="1.0.0" args=["bytes","1.0.0"]
86 verbose parsed url { protocol: null,
86 verbose parsed url   slashes: null,
86 verbose parsed url   auth: null,
86 verbose parsed url   host: null,
86 verbose parsed url   port: null,
86 verbose parsed url   hostname: null,
86 verbose parsed url   hash: null,
86 verbose parsed url   search: null,
86 verbose parsed url   query: null,
86 verbose parsed url   pathname: '1.0.0',
86 verbose parsed url   path: '1.0.0',
86 verbose parsed url   href: '1.0.0' }
87 verbose addNamed [ 'bytes', '1.0.0' ]
88 verbose addNamed [ '1.0.0', '1.0.0' ]
89 silly lockFile b4c055fe-bytes-1-0-0 bytes@1.0.0
90 verbose lock bytes@1.0.0 /Users/mani/.npm/b4c055fe-bytes-1-0-0.lock
91 verbose cache add [ 'iconv-lite@0.4.6', null ]
92 verbose cache add name=undefined spec="iconv-lite@0.4.6" args=["iconv-lite@0.4.6",null]
93 verbose parsed url { protocol: null,
93 verbose parsed url   slashes: null,
93 verbose parsed url   auth: null,
93 verbose parsed url   host: null,
93 verbose parsed url   port: null,
93 verbose parsed url   hostname: null,
93 verbose parsed url   hash: null,
93 verbose parsed url   search: null,
93 verbose parsed url   query: null,
93 verbose parsed url   pathname: 'iconv-lite@0.4.6',
93 verbose parsed url   path: 'iconv-lite@0.4.6',
93 verbose parsed url   href: 'iconv-lite@0.4.6' }
94 verbose cache add name="depd" spec="~1.0.0" args=["depd","~1.0.0"]
95 verbose parsed url { protocol: null,
95 verbose parsed url   slashes: null,
95 verbose parsed url   auth: null,
95 verbose parsed url   host: null,
95 verbose parsed url   port: null,
95 verbose parsed url   hostname: null,
95 verbose parsed url   hash: null,
95 verbose parsed url   search: null,
95 verbose parsed url   query: null,
95 verbose parsed url   pathname: '~1.0.0',
95 verbose parsed url   path: '~1.0.0',
95 verbose parsed url   href: '~1.0.0' }
96 verbose addNamed [ 'depd', '~1.0.0' ]
97 verbose addNamed [ null, '>=1.0.0-0 <1.1.0-0' ]
98 silly lockFile 5fd3b83f-depd-1-0-0 depd@~1.0.0
99 verbose lock depd@~1.0.0 /Users/mani/.npm/5fd3b83f-depd-1-0-0.lock
100 verbose cache add [ 'media-typer@0.3.0', null ]
101 verbose cache add name=undefined spec="media-typer@0.3.0" args=["media-typer@0.3.0",null]
102 verbose parsed url { protocol: null,
102 verbose parsed url   slashes: null,
102 verbose parsed url   auth: null,
102 verbose parsed url   host: null,
102 verbose parsed url   port: null,
102 verbose parsed url   hostname: null,
102 verbose parsed url   hash: null,
102 verbose parsed url   search: null,
102 verbose parsed url   query: null,
102 verbose parsed url   pathname: 'media-typer@0.3.0',
102 verbose parsed url   path: 'media-typer@0.3.0',
102 verbose parsed url   href: 'media-typer@0.3.0' }
103 verbose cache add name="iconv-lite" spec="0.4.6" args=["iconv-lite","0.4.6"]
104 verbose parsed url { protocol: null,
104 verbose parsed url   slashes: null,
104 verbose parsed url   auth: null,
104 verbose parsed url   host: null,
104 verbose parsed url   port: null,
104 verbose parsed url   hostname: null,
104 verbose parsed url   hash: null,
104 verbose parsed url   search: null,
104 verbose parsed url   query: null,
104 verbose parsed url   pathname: '0.4.6',
104 verbose parsed url   path: '0.4.6',
104 verbose parsed url   href: '0.4.6' }
105 verbose addNamed [ 'iconv-lite', '0.4.6' ]
106 verbose addNamed [ '0.4.6', '0.4.6' ]
107 silly lockFile 0398be0c-iconv-lite-0-4-6 iconv-lite@0.4.6
108 verbose lock iconv-lite@0.4.6 /Users/mani/.npm/0398be0c-iconv-lite-0-4-6.lock
109 verbose cache add [ 'on-finished@~2.2.0', null ]
110 verbose cache add name=undefined spec="on-finished@~2.2.0" args=["on-finished@~2.2.0",null]
111 verbose parsed url { protocol: null,
111 verbose parsed url   slashes: null,
111 verbose parsed url   auth: null,
111 verbose parsed url   host: null,
111 verbose parsed url   port: null,
111 verbose parsed url   hostname: null,
111 verbose parsed url   hash: null,
111 verbose parsed url   search: null,
111 verbose parsed url   query: null,
111 verbose parsed url   pathname: 'on-finished@~2.2.0',
111 verbose parsed url   path: 'on-finished@~2.2.0',
111 verbose parsed url   href: 'on-finished@~2.2.0' }
112 verbose cache add name="media-typer" spec="0.3.0" args=["media-typer","0.3.0"]
113 verbose parsed url { protocol: null,
113 verbose parsed url   slashes: null,
113 verbose parsed url   auth: null,
113 verbose parsed url   host: null,
113 verbose parsed url   port: null,
113 verbose parsed url   hostname: null,
113 verbose parsed url   hash: null,
113 verbose parsed url   search: null,
113 verbose parsed url   query: null,
113 verbose parsed url   pathname: '0.3.0',
113 verbose parsed url   path: '0.3.0',
113 verbose parsed url   href: '0.3.0' }
114 verbose addNamed [ 'media-typer', '0.3.0' ]
115 verbose addNamed [ '0.3.0', '0.3.0' ]
116 silly lockFile a6fc3981-media-typer-0-3-0 media-typer@0.3.0
117 verbose lock media-typer@0.3.0 /Users/mani/.npm/a6fc3981-media-typer-0-3-0.lock
118 silly addNameRange { name: 'depd', range: '>=1.0.0-0 <1.1.0-0', hasData: false }
119 verbose cache add [ 'qs@2.3.3', null ]
120 verbose cache add name=undefined spec="qs@2.3.3" args=["qs@2.3.3",null]
121 verbose parsed url { protocol: null,
121 verbose parsed url   slashes: null,
121 verbose parsed url   auth: null,
121 verbose parsed url   host: null,
121 verbose parsed url   port: null,
121 verbose parsed url   hostname: null,
121 verbose parsed url   hash: null,
121 verbose parsed url   search: null,
121 verbose parsed url   query: null,
121 verbose parsed url   pathname: 'qs@2.3.3',
121 verbose parsed url   path: 'qs@2.3.3',
121 verbose parsed url   href: 'qs@2.3.3' }
122 verbose cache add name="on-finished" spec="~2.2.0" args=["on-finished","~2.2.0"]
123 verbose parsed url { protocol: null,
123 verbose parsed url   slashes: null,
123 verbose parsed url   auth: null,
123 verbose parsed url   host: null,
123 verbose parsed url   port: null,
123 verbose parsed url   hostname: null,
123 verbose parsed url   hash: null,
123 verbose parsed url   search: null,
123 verbose parsed url   query: null,
123 verbose parsed url   pathname: '~2.2.0',
123 verbose parsed url   path: '~2.2.0',
123 verbose parsed url   href: '~2.2.0' }
124 verbose addNamed [ 'on-finished', '~2.2.0' ]
125 verbose addNamed [ null, '>=2.2.0-0 <2.3.0-0' ]
126 silly lockFile b6397592-on-finished-2-2-0 on-finished@~2.2.0
127 verbose lock on-finished@~2.2.0 /Users/mani/.npm/b6397592-on-finished-2-2-0.lock
128 verbose cache add name="qs" spec="2.3.3" args=["qs","2.3.3"]
129 verbose parsed url { protocol: null,
129 verbose parsed url   slashes: null,
129 verbose parsed url   auth: null,
129 verbose parsed url   host: null,
129 verbose parsed url   port: null,
129 verbose parsed url   hostname: null,
129 verbose parsed url   hash: null,
129 verbose parsed url   search: null,
129 verbose parsed url   query: null,
129 verbose parsed url   pathname: '2.3.3',
129 verbose parsed url   path: '2.3.3',
129 verbose parsed url   href: '2.3.3' }
130 verbose addNamed [ 'qs', '2.3.3' ]
131 verbose addNamed [ '2.3.3', '2.3.3' ]
132 silly lockFile 91f8f145-qs-2-3-3 qs@2.3.3
133 verbose lock qs@2.3.3 /Users/mani/.npm/91f8f145-qs-2-3-3.lock
134 verbose cache add [ 'raw-body@1.3.2', null ]
135 verbose cache add name=undefined spec="raw-body@1.3.2" args=["raw-body@1.3.2",null]
136 verbose parsed url { protocol: null,
136 verbose parsed url   slashes: null,
136 verbose parsed url   auth: null,
136 verbose parsed url   host: null,
136 verbose parsed url   port: null,
136 verbose parsed url   hostname: null,
136 verbose parsed url   hash: null,
136 verbose parsed url   search: null,
136 verbose parsed url   query: null,
136 verbose parsed url   pathname: 'raw-body@1.3.2',
136 verbose parsed url   path: 'raw-body@1.3.2',
136 verbose parsed url   href: 'raw-body@1.3.2' }
137 silly addNameRange { name: 'on-finished',
137 silly addNameRange   range: '>=2.2.0-0 <2.3.0-0',
137 silly addNameRange   hasData: false }
138 verbose cache add [ 'type-is@~1.5.5', null ]
139 verbose cache add name=undefined spec="type-is@~1.5.5" args=["type-is@~1.5.5",null]
140 verbose parsed url { protocol: null,
140 verbose parsed url   slashes: null,
140 verbose parsed url   auth: null,
140 verbose parsed url   host: null,
140 verbose parsed url   port: null,
140 verbose parsed url   hostname: null,
140 verbose parsed url   hash: null,
140 verbose parsed url   search: null,
140 verbose parsed url   query: null,
140 verbose parsed url   pathname: 'type-is@~1.5.5',
140 verbose parsed url   path: 'type-is@~1.5.5',
140 verbose parsed url   href: 'type-is@~1.5.5' }
141 verbose cache add name="raw-body" spec="1.3.2" args=["raw-body","1.3.2"]
142 verbose parsed url { protocol: null,
142 verbose parsed url   slashes: null,
142 verbose parsed url   auth: null,
142 verbose parsed url   host: null,
142 verbose parsed url   port: null,
142 verbose parsed url   hostname: null,
142 verbose parsed url   hash: null,
142 verbose parsed url   search: null,
142 verbose parsed url   query: null,
142 verbose parsed url   pathname: '1.3.2',
142 verbose parsed url   path: '1.3.2',
142 verbose parsed url   href: '1.3.2' }
143 verbose addNamed [ 'raw-body', '1.3.2' ]
144 verbose addNamed [ '1.3.2', '1.3.2' ]
145 silly lockFile 8f528254-raw-body-1-3-2 raw-body@1.3.2
146 verbose lock raw-body@1.3.2 /Users/mani/.npm/8f528254-raw-body-1-3-2.lock
147 verbose request where is /bytes
148 verbose request registry https://registry.npmjs.org/
149 verbose url raw /bytes
150 verbose url resolving [ 'https://registry.npmjs.org/', './bytes' ]
151 verbose url resolved https://registry.npmjs.org/bytes
152 verbose request where is https://registry.npmjs.org/bytes
153 info trying registry request attempt 1 at 13:09:13
154 verbose etag "DDMVXOTPJ3B1JCSFWL72AW7XZ"
155 http GET https://registry.npmjs.org/bytes
156 verbose cache add name="type-is" spec="~1.5.5" args=["type-is","~1.5.5"]
157 verbose parsed url { protocol: null,
157 verbose parsed url   slashes: null,
157 verbose parsed url   auth: null,
157 verbose parsed url   host: null,
157 verbose parsed url   port: null,
157 verbose parsed url   hostname: null,
157 verbose parsed url   hash: null,
157 verbose parsed url   search: null,
157 verbose parsed url   query: null,
157 verbose parsed url   pathname: '~1.5.5',
157 verbose parsed url   path: '~1.5.5',
157 verbose parsed url   href: '~1.5.5' }
158 verbose addNamed [ 'type-is', '~1.5.5' ]
159 verbose addNamed [ null, '>=1.5.5-0 <1.6.0-0' ]
160 silly lockFile 58096c26-type-is-1-5-5 type-is@~1.5.5
161 verbose lock type-is@~1.5.5 /Users/mani/.npm/58096c26-type-is-1-5-5.lock
162 verbose request where is /depd
163 verbose request registry https://registry.npmjs.org/
164 verbose url raw /depd
165 verbose url resolving [ 'https://registry.npmjs.org/', './depd' ]
166 verbose url resolved https://registry.npmjs.org/depd
167 verbose request where is https://registry.npmjs.org/depd
168 info trying registry request attempt 1 at 13:09:13
169 verbose etag "1B27YHVAPQ0J6T5M70XY719AT"
170 http GET https://registry.npmjs.org/depd
171 verbose request where is /iconv-lite
172 verbose request registry https://registry.npmjs.org/
173 verbose url raw /iconv-lite
174 verbose url resolving [ 'https://registry.npmjs.org/', './iconv-lite' ]
175 verbose url resolved https://registry.npmjs.org/iconv-lite
176 verbose request where is https://registry.npmjs.org/iconv-lite
177 info trying registry request attempt 1 at 13:09:13
178 verbose etag "6GZYRE6OGQFQW69C9Z8OLSVOH"
179 http GET https://registry.npmjs.org/iconv-lite
180 verbose request where is /media-typer
181 verbose request registry https://registry.npmjs.org/
182 verbose url raw /media-typer
183 verbose url resolving [ 'https://registry.npmjs.org/', './media-typer' ]
184 verbose url resolved https://registry.npmjs.org/media-typer
185 verbose request where is https://registry.npmjs.org/media-typer
186 info trying registry request attempt 1 at 13:09:13
187 verbose etag "DBAGJG6NTEDSX6NMN3421C5JV"
188 http GET https://registry.npmjs.org/media-typer
189 silly addNameRange { name: 'type-is', range: '>=1.5.5-0 <1.6.0-0', hasData: false }
190 verbose request where is /on-finished
191 verbose request registry https://registry.npmjs.org/
192 verbose url raw /on-finished
193 verbose url resolving [ 'https://registry.npmjs.org/', './on-finished' ]
194 verbose url resolved https://registry.npmjs.org/on-finished
195 verbose request where is https://registry.npmjs.org/on-finished
196 info trying registry request attempt 1 at 13:09:13
197 verbose etag "7W8P1HYJCO6HPI2SNK69TZN27"
198 http GET https://registry.npmjs.org/on-finished
199 verbose request where is /qs
200 verbose request registry https://registry.npmjs.org/
201 verbose url raw /qs
202 verbose url resolving [ 'https://registry.npmjs.org/', './qs' ]
203 verbose url resolved https://registry.npmjs.org/qs
204 verbose request where is https://registry.npmjs.org/qs
205 info trying registry request attempt 1 at 13:09:13
206 verbose etag "8WSNAKBR9GFTD6ZB99BTLISXN"
207 http GET https://registry.npmjs.org/qs
208 verbose request where is /raw-body
209 verbose request registry https://registry.npmjs.org/
210 verbose url raw /raw-body
211 verbose url resolving [ 'https://registry.npmjs.org/', './raw-body' ]
212 verbose url resolved https://registry.npmjs.org/raw-body
213 verbose request where is https://registry.npmjs.org/raw-body
214 info trying registry request attempt 1 at 13:09:13
215 verbose etag "ACO9X0ITDWRVEQXNQPCI8TX32"
216 http GET https://registry.npmjs.org/raw-body
217 verbose request where is /type-is
218 verbose request registry https://registry.npmjs.org/
219 verbose url raw /type-is
220 verbose url resolving [ 'https://registry.npmjs.org/', './type-is' ]
221 verbose url resolved https://registry.npmjs.org/type-is
222 verbose request where is https://registry.npmjs.org/type-is
223 info trying registry request attempt 1 at 13:09:13
224 verbose etag "6U3IMTXDDSQ0FNJYNH9L64TA3"
225 http GET https://registry.npmjs.org/type-is
226 http 304 https://registry.npmjs.org/bytes
227 silly registry.get cb [ 304,
227 silly registry.get   { date: 'Sat, 24 Jan 2015 13:09:11 GMT',
227 silly registry.get     server: 'Apache',
227 silly registry.get     via: '1.1 varnish',
227 silly registry.get     'last-modified': 'Sat, 24 Jan 2015 13:09:11 GMT',
227 silly registry.get     'cache-control': 'max-age=60',
227 silly registry.get     etag: '"DDMVXOTPJ3B1JCSFWL72AW7XZ"',
227 silly registry.get     age: '8',
227 silly registry.get     'x-served-by': 'cache-lhr6329-LHR',
227 silly registry.get     'x-cache': 'HIT',
227 silly registry.get     'x-cache-hits': '1',
227 silly registry.get     'x-timer': 'S1422104951.371322,VS0,VE0',
227 silly registry.get     vary: 'Accept',
227 silly registry.get     'content-length': '0',
227 silly registry.get     'keep-alive': 'timeout=10, max=50',
227 silly registry.get     connection: 'Keep-Alive' } ]
228 verbose etag https://registry.npmjs.org/bytes from cache
229 silly lockFile b4c055fe-bytes-1-0-0 bytes@1.0.0
230 silly lockFile b4c055fe-bytes-1-0-0 bytes@1.0.0
231 http 304 https://registry.npmjs.org/media-typer
232 silly registry.get cb [ 304,
232 silly registry.get   { date: 'Sat, 24 Jan 2015 13:09:11 GMT',
232 silly registry.get     server: 'Apache',
232 silly registry.get     via: '1.1 varnish',
232 silly registry.get     'last-modified': 'Sat, 24 Jan 2015 13:09:11 GMT',
232 silly registry.get     'cache-control': 'max-age=60',
232 silly registry.get     etag: '"DBAGJG6NTEDSX6NMN3421C5JV"',
232 silly registry.get     age: '8',
232 silly registry.get     'x-served-by': 'cache-lhr6329-LHR',
232 silly registry.get     'x-cache': 'HIT',
232 silly registry.get     'x-cache-hits': '1',
232 silly registry.get     'x-timer': 'S1422104951.377455,VS0,VE0',
232 silly registry.get     vary: 'Accept',
232 silly registry.get     'content-length': '0',
232 silly registry.get     'keep-alive': 'timeout=10, max=50',
232 silly registry.get     connection: 'Keep-Alive' } ]
233 verbose etag https://registry.npmjs.org/media-typer from cache
234 http 304 https://registry.npmjs.org/on-finished
235 silly registry.get cb [ 304,
235 silly registry.get   { date: 'Sat, 24 Jan 2015 13:09:11 GMT',
235 silly registry.get     server: 'Apache',
235 silly registry.get     via: '1.1 varnish',
235 silly registry.get     'last-modified': 'Sat, 24 Jan 2015 13:09:11 GMT',
235 silly registry.get     'cache-control': 'max-age=60',
235 silly registry.get     etag: '"7W8P1HYJCO6HPI2SNK69TZN27"',
235 silly registry.get     age: '8',
235 silly registry.get     'x-served-by': 'cache-lhr6330-LHR',
235 silly registry.get     'x-cache': 'HIT',
235 silly registry.get     'x-cache-hits': '1',
235 silly registry.get     'x-timer': 'S1422104951.380303,VS0,VE0',
235 silly registry.get     vary: 'Accept',
235 silly registry.get     'content-length': '0',
235 silly registry.get     'keep-alive': 'timeout=10, max=50',
235 silly registry.get     connection: 'Keep-Alive' } ]
236 verbose etag https://registry.npmjs.org/on-finished from cache
237 http 304 https://registry.npmjs.org/depd
238 silly registry.get cb [ 304,
238 silly registry.get   { date: 'Sat, 24 Jan 2015 13:09:11 GMT',
238 silly registry.get     server: 'Apache',
238 silly registry.get     via: '1.1 varnish',
238 silly registry.get     'last-modified': 'Sat, 24 Jan 2015 13:09:11 GMT',
238 silly registry.get     'cache-control': 'max-age=60',
238 silly registry.get     etag: '"1B27YHVAPQ0J6T5M70XY719AT"',
238 silly registry.get     age: '7',
238 silly registry.get     'x-served-by': 'cache-lhr6323-LHR',
238 silly registry.get     'x-cache': 'HIT',
238 silly registry.get     'x-cache-hits': '1',
238 silly registry.get     'x-timer': 'S1422104951.380934,VS0,VE0',
238 silly registry.get     vary: 'Accept',
238 silly registry.get     'content-length': '0',
238 silly registry.get     'keep-alive': 'timeout=10, max=50',
238 silly registry.get     connection: 'Keep-Alive' } ]
239 verbose etag https://registry.npmjs.org/depd from cache
240 http 304 https://registry.npmjs.org/iconv-lite
241 silly registry.get cb [ 304,
241 silly registry.get   { date: 'Sat, 24 Jan 2015 13:09:11 GMT',
241 silly registry.get     server: 'Apache',
241 silly registry.get     via: '1.1 varnish',
241 silly registry.get     'last-modified': 'Sat, 24 Jan 2015 13:09:08 GMT',
241 silly registry.get     'cache-control': 'max-age=60',
241 silly registry.get     etag: '"6GZYRE6OGQFQW69C9Z8OLSVOH"',
241 silly registry.get     age: '52',
241 silly registry.get     'x-served-by': 'cache-lhr6323-LHR',
241 silly registry.get     'x-cache': 'HIT',
241 silly registry.get     'x-cache-hits': '2',
241 silly registry.get     'x-timer': 'S1422104951.382683,VS0,VE0',
241 silly registry.get     vary: 'Accept',
241 silly registry.get     'content-length': '0',
241 silly registry.get     'keep-alive': 'timeout=10, max=50',
241 silly registry.get     connection: 'Keep-Alive' } ]
242 verbose etag https://registry.npmjs.org/iconv-lite from cache
243 silly lockFile a6fc3981-media-typer-0-3-0 media-typer@0.3.0
244 silly lockFile a6fc3981-media-typer-0-3-0 media-typer@0.3.0
245 silly addNameRange number 2 { name: 'on-finished',
245 silly addNameRange   range: '>=2.2.0-0 <2.3.0-0',
245 silly addNameRange   hasData: true }
246 silly addNameRange versions [ 'on-finished', [ '2.0.0', '2.1.0', '2.1.1', '2.2.0' ] ]
247 verbose addNamed [ 'on-finished', '2.2.0' ]
248 verbose addNamed [ '2.2.0', '2.2.0' ]
249 silly lockFile 101c7b49-on-finished-2-2-0 on-finished@2.2.0
250 verbose lock on-finished@2.2.0 /Users/mani/.npm/101c7b49-on-finished-2-2-0.lock
251 silly addNameRange number 2 { name: 'depd', range: '>=1.0.0-0 <1.1.0-0', hasData: true }
252 silly addNameRange versions [ 'depd',
252 silly addNameRange   [ '0.0.0',
252 silly addNameRange     '0.0.1',
252 silly addNameRange     '0.1.0',
252 silly addNameRange     '0.2.0',
252 silly addNameRange     '0.3.0',
252 silly addNameRange     '0.4.0',
252 silly addNameRange     '0.4.1',
252 silly addNameRange     '0.4.2',
252 silly addNameRange     '0.4.3',
252 silly addNameRange     '0.4.4',
252 silly addNameRange     '0.4.5',
252 silly addNameRange     '1.0.0' ] ]
253 verbose addNamed [ 'depd', '1.0.0' ]
254 verbose addNamed [ '1.0.0', '1.0.0' ]
255 silly lockFile ec0b68a3-depd-1-0-0 depd@1.0.0
256 verbose lock depd@1.0.0 /Users/mani/.npm/ec0b68a3-depd-1-0-0.lock
257 silly lockFile 19452ccf--iconv-lite-iconv-lite-0-4-6-tgz https://registry.npmjs.org/iconv-lite/-/iconv-lite-0.4.6.tgz
258 verbose lock https://registry.npmjs.org/iconv-lite/-/iconv-lite-0.4.6.tgz /Users/mani/.npm/19452ccf--iconv-lite-iconv-lite-0-4-6-tgz.lock
259 verbose addRemoteTarball [ 'https://registry.npmjs.org/iconv-lite/-/iconv-lite-0.4.6.tgz',
259 verbose addRemoteTarball   'e39c682610a791f3eedc27382ff49e263f91fa09' ]
260 silly lockFile 101c7b49-on-finished-2-2-0 on-finished@2.2.0
261 silly lockFile 101c7b49-on-finished-2-2-0 on-finished@2.2.0
262 silly lockFile b6397592-on-finished-2-2-0 on-finished@~2.2.0
263 silly lockFile b6397592-on-finished-2-2-0 on-finished@~2.2.0
264 silly lockFile ec0b68a3-depd-1-0-0 depd@1.0.0
265 silly lockFile ec0b68a3-depd-1-0-0 depd@1.0.0
266 silly lockFile 5fd3b83f-depd-1-0-0 depd@~1.0.0
267 silly lockFile 5fd3b83f-depd-1-0-0 depd@~1.0.0
268 http 304 https://registry.npmjs.org/qs
269 silly registry.get cb [ 304,
269 silly registry.get   { date: 'Sat, 24 Jan 2015 13:09:11 GMT',
269 silly registry.get     server: 'Apache',
269 silly registry.get     via: '1.1 varnish',
269 silly registry.get     'last-modified': 'Sat, 24 Jan 2015 13:09:11 GMT',
269 silly registry.get     'cache-control': 'max-age=60',
269 silly registry.get     etag: '"8WSNAKBR9GFTD6ZB99BTLISXN"',
269 silly registry.get     age: '9',
269 silly registry.get     'x-served-by': 'cache-lhr6329-LHR',
269 silly registry.get     'x-cache': 'HIT',
269 silly registry.get     'x-cache-hits': '1',
269 silly registry.get     'x-timer': 'S1422104951.391075,VS0,VE1',
269 silly registry.get     vary: 'Accept',
269 silly registry.get     'content-length': '0',
269 silly registry.get     'keep-alive': 'timeout=10, max=49',
269 silly registry.get     connection: 'Keep-Alive' } ]
270 verbose etag https://registry.npmjs.org/qs from cache
271 info retry fetch attempt 1 at 13:09:13
272 verbose fetch to= /var/folders/8c/tn7gfv2d2wnbsjy04rjltj1r0000gn/T/npm-44230-GjBlF5ZY/registry.npmjs.org/iconv-lite/-/iconv-lite-0.4.6.tgz
273 http GET https://registry.npmjs.org/iconv-lite/-/iconv-lite-0.4.6.tgz
274 http 304 https://registry.npmjs.org/raw-body
275 silly registry.get cb [ 304,
275 silly registry.get   { date: 'Sat, 24 Jan 2015 13:09:11 GMT',
275 silly registry.get     server: 'Apache',
275 silly registry.get     via: '1.1 varnish',
275 silly registry.get     'last-modified': 'Sat, 24 Jan 2015 13:09:11 GMT',
275 silly registry.get     'cache-control': 'max-age=60',
275 silly registry.get     etag: '"ACO9X0ITDWRVEQXNQPCI8TX32"',
275 silly registry.get     age: '7',
275 silly registry.get     'x-served-by': 'cache-lhr6329-LHR',
275 silly registry.get     'x-cache': 'HIT',
275 silly registry.get     'x-cache-hits': '1',
275 silly registry.get     'x-timer': 'S1422104951.394939,VS0,VE1',
275 silly registry.get     vary: 'Accept',
275 silly registry.get     'content-length': '0',
275 silly registry.get     'keep-alive': 'timeout=10, max=49',
275 silly registry.get     connection: 'Keep-Alive' } ]
276 verbose etag https://registry.npmjs.org/raw-body from cache
277 http 304 https://registry.npmjs.org/type-is
278 silly registry.get cb [ 304,
278 silly registry.get   { date: 'Sat, 24 Jan 2015 13:09:11 GMT',
278 silly registry.get     server: 'Apache',
278 silly registry.get     via: '1.1 varnish',
278 silly registry.get     'last-modified': 'Sat, 24 Jan 2015 13:09:11 GMT',
278 silly registry.get     'cache-control': 'max-age=60',
278 silly registry.get     etag: '"6U3IMTXDDSQ0FNJYNH9L64TA3"',
278 silly registry.get     age: '8',
278 silly registry.get     'x-served-by': 'cache-lhr6330-LHR',
278 silly registry.get     'x-cache': 'HIT',
278 silly registry.get     'x-cache-hits': '1',
278 silly registry.get     'x-timer': 'S1422104951.397792,VS0,VE1',
278 silly registry.get     vary: 'Accept',
278 silly registry.get     'content-length': '0',
278 silly registry.get     'keep-alive': 'timeout=10, max=49',
278 silly registry.get     connection: 'Keep-Alive' } ]
279 verbose etag https://registry.npmjs.org/type-is from cache
280 silly lockFile 549eef8a--org-raw-body-raw-body-1-3-2-tgz https://registry.npmjs.org/raw-body/-/raw-body-1.3.2.tgz
281 verbose lock https://registry.npmjs.org/raw-body/-/raw-body-1.3.2.tgz /Users/mani/.npm/549eef8a--org-raw-body-raw-body-1-3-2-tgz.lock
282 silly lockFile 91f8f145-qs-2-3-3 qs@2.3.3
283 silly lockFile 91f8f145-qs-2-3-3 qs@2.3.3
284 verbose addRemoteTarball [ 'https://registry.npmjs.org/raw-body/-/raw-body-1.3.2.tgz',
284 verbose addRemoteTarball   '0e186f27c5fbfe326d8b3062774804564a0ecf93' ]
285 info retry fetch attempt 1 at 13:09:13
286 verbose fetch to= /var/folders/8c/tn7gfv2d2wnbsjy04rjltj1r0000gn/T/npm-44230-GjBlF5ZY/registry.npmjs.org/raw-body/-/raw-body-1.3.2.tgz
287 silly addNameRange number 2 { name: 'type-is', range: '>=1.5.5-0 <1.6.0-0', hasData: true }
288 silly addNameRange versions [ 'type-is',
288 silly addNameRange   [ '1.0.0',
288 silly addNameRange     '1.0.1',
288 silly addNameRange     '1.1.0',
288 silly addNameRange     '1.2.0',
288 silly addNameRange     '1.2.1',
288 silly addNameRange     '1.2.2',
288 silly addNameRange     '1.3.0',
288 silly addNameRange     '1.3.1',
288 silly addNameRange     '1.3.2',
288 silly addNameRange     '1.4.0',
288 silly addNameRange     '1.5.0',
288 silly addNameRange     '1.5.1',
288 silly addNameRange     '1.5.2',
288 silly addNameRange     '1.5.3',
288 silly addNameRange     '1.5.4',
288 silly addNameRange     '1.5.5' ] ]
289 verbose addNamed [ 'type-is', '1.5.5' ]
290 verbose addNamed [ '1.5.5', '1.5.5' ]
291 silly lockFile ab6ae38b-type-is-1-5-5 type-is@1.5.5
292 verbose lock type-is@1.5.5 /Users/mani/.npm/ab6ae38b-type-is-1-5-5.lock
293 http GET https://registry.npmjs.org/raw-body/-/raw-body-1.3.2.tgz
294 silly lockFile ab6ae38b-type-is-1-5-5 type-is@1.5.5
295 silly lockFile ab6ae38b-type-is-1-5-5 type-is@1.5.5
296 silly lockFile 58096c26-type-is-1-5-5 type-is@~1.5.5
297 silly lockFile 58096c26-type-is-1-5-5 type-is@~1.5.5
298 http 200 https://registry.npmjs.org/iconv-lite/-/iconv-lite-0.4.6.tgz
299 http 200 https://registry.npmjs.org/raw-body/-/raw-body-1.3.2.tgz
300 silly lockFile 549eef8a--org-raw-body-raw-body-1-3-2-tgz https://registry.npmjs.org/raw-body/-/raw-body-1.3.2.tgz
301 silly lockFile 549eef8a--org-raw-body-raw-body-1-3-2-tgz https://registry.npmjs.org/raw-body/-/raw-body-1.3.2.tgz
302 silly lockFile 8f528254-raw-body-1-3-2 raw-body@1.3.2
303 silly lockFile 8f528254-raw-body-1-3-2 raw-body@1.3.2
304 verbose about to build /Users/mani/Documents/projects/hackathons/seedhack/iot/hub-server/node_modules/body-parser
305 verbose node_modules/body-parser unbuild
306 info preuninstall body-parser@1.10.2
307 info uninstall body-parser@1.10.2
308 verbose true,/Users/mani/Documents/projects/hackathons/seedhack/iot/hub-server/node_modules,/Users/mani/Documents/projects/hackathons/seedhack/iot/hub-server/node_modules unbuild body-parser@1.10.2
309 info postuninstall body-parser@1.10.2
310 error Error: EACCES, mkdir '/Users/mani/.npm/raw-body/1.3.2'
310 error  { [Error: EACCES, mkdir '/Users/mani/.npm/raw-body/1.3.2']
310 error   errno: 3,
310 error   code: 'EACCES',
310 error   path: '/Users/mani/.npm/raw-body/1.3.2',
310 error   parent: 'body-parser' }
311 error Please try running this command again as root/Administrator.
312 error System Darwin 14.0.0
313 error command "node" "/usr/local/bin/npm" "install" "--save" "body-parser"
314 error cwd /Users/mani/Documents/projects/hackathons/seedhack/iot/hub-server
315 error node -v v0.10.31
316 error npm -v 1.4.23
317 error path /Users/mani/.npm/raw-body/1.3.2
318 error code EACCES
319 error errno 3
320 error stack Error: EACCES, mkdir '/Users/mani/.npm/raw-body/1.3.2'
321 verbose exit [ 3, true ]
